#
# There is insufficient memory for the Java Runtime Environment to continue.
# Native memory allocation (malloc) failed to allocate 1048576 bytes for AllocateHeap
# Possible reasons:
#   The system is out of physical RAM or swap space
#   In 32 bit mode, the process size limit was hit
# Possible solutions:
#   Reduce memory load on the system
#   Increase physical memory or swap space
#   Check if swap backing store is full
#   Use 64 bit Java on a 64 bit OS
#   Decrease Java heap size (-Xmx/-Xms)
#   Decrease number of Java threads
#   Decrease Java thread stack sizes (-Xss)
#   Set larger code cache with -XX:ReservedCodeCacheSize=
# This output file may be truncated or incomplete.
#
#  Out of Memory Error (memory/allocation.inline.hpp:61), pid=1968, tid=0x0000000000001f74
#
# JRE version:  (8.0_101-b13) (build )
# Java VM: Java HotSpot(TM) 64-Bit Server VM (25.101-b13 mixed mode windows-amd64 compressed oops)
# Failed to write core dump. Minidumps are not enabled by default on client versions of Windows
#

---------------  T H R E A D  ---------------

Current thread (0x0000000002a50800):  JavaThread "Unknown thread" [_thread_in_vm, id=8052, stack(0x0000000002890000,0x0000000002990000)]

Stack: [0x0000000002890000,0x0000000002990000]
[error occurred during error reporting (printing stack bounds), id 0xc0000005]

Native frames: (J=compiled Java code, j=interpreted, Vv=VM code, C=native code)


---------------  P R O C E S S  ---------------

Java Threads: ( => current thread )

Other Threads:

=>0x0000000002a50800 (exited) JavaThread "Unknown thread" [_thread_in_vm, id=8052, stack(0x0000000002890000,0x0000000002990000)]

VM state:not at safepoint (normal execution)

VM Mutex/Monitor currently owned by a thread: None

Heap:
 PSYoungGen      total 76288K, used 1310K [0x000000076b200000, 0x0000000770700000, 0x00000007c0000000)
  eden space 65536K, 2% used [0x000000076b200000,0x000000076b347af0,0x000000076f200000)
  from space 10752K, 0% used [0x000000076fc80000,0x000000076fc80000,0x0000000770700000)
  to   space 10752K, 0% used [0x000000076f200000,0x000000076f200000,0x000000076fc80000)
 ParOldGen       total 175104K, used 0K [0x00000006c1600000, 0x00000006cc100000, 0x000000076b200000)
  object space 175104K, 0% used [0x00000006c1600000,0x00000006c1600000,0x00000006cc100000)
 Metaspace       used 769K, capacity 4480K, committed 4480K, reserved 1056768K
  class space    used 75K, capacity 384K, committed 384K, reserved 1048576K

Card table byte_map: [0x0000000011f10000,0x0000000012710000] byte_map_base: 0x000000000e905000

Marking Bits: (ParMarkBitMap*) 0x000000005ccaa6d0
 Begin Bits: [0x0000000013460000, 0x0000000017408000)
 End Bits:   [0x0000000017408000, 0x000000001b3b0000)

Polling page: 0x0000000000a80000

CodeCache: size=245760Kb used=328Kb max_used=328Kb free=245431Kb
 bounds [0x0000000002b50000, 0x0000000002dc0000, 0x0000000011b50000]
 total_blobs=58 nmethods=0 adapters=38
 compilation: enabled

Compilation events (0 events):
No events

GC Heap History (0 events):
No events

Deoptimization events (0 events):
No events

Internal exceptions (0 events):
No events

Events (10 events):
Event: 0.017 loading class java/lang/Short
Event: 0.017 loading class java/lang/Short done
Event: 0.017 loading class java/lang/Integer
Event: 0.017 loading class java/lang/Integer done
Event: 0.017 loading class java/lang/Long
Event: 0.017 loading class java/lang/Long done
Event: 0.018 loading class java/lang/NullPointerException
Event: 0.018 loading class java/lang/NullPointerException done
Event: 0.018 loading class java/lang/ArithmeticException
Event: 0.018 loading class java/lang/ArithmeticException done


Dynamic libraries:
0x00007ff776830000 - 0x00007ff776867000 	C:\Program Files\Java\jdk1.8.0_101\jre\bin\java.exe
0x00007ffc32660000 - 0x00007ffc32831000 	C:\WINDOWS\SYSTEM32\ntdll.dll
0x00007ffc31800000 - 0x00007ffc318ab000 	C:\WINDOWS\System32\KERNEL32.DLL
0x00007ffc2ecc0000 - 0x00007ffc2eedd000 	C:\WINDOWS\System32\KERNELBASE.dll
0x00007ffc325b0000 - 0x00007ffc32652000 	C:\WINDOWS\System32\ADVAPI32.dll
0x00007ffc32500000 - 0x00007ffc3259e000 	C:\WINDOWS\System32\msvcrt.dll
0x00007ffc32320000 - 0x00007ffc32379000 	C:\WINDOWS\System32\sechost.dll
0x00007ffc2fc50000 - 0x00007ffc2fd71000 	C:\WINDOWS\System32\RPCRT4.dll
0x00007ffc31e60000 - 0x00007ffc31fc5000 	C:\WINDOWS\System32\USER32.dll
0x00007ffc2eee0000 - 0x00007ffc2eefe000 	C:\WINDOWS\System32\win32u.dll
0x00007ffc31df0000 - 0x00007ffc31e24000 	C:\WINDOWS\System32\GDI32.dll
0x00007ffc2f0d0000 - 0x00007ffc2f252000 	C:\WINDOWS\System32\gdi32full.dll
0x00007ffc28a00000 - 0x00007ffc28c79000 	C:\WINDOWS\WinSxS\amd64_microsoft.windows.common-controls_6595b64144ccf1df_6.0.14393.0_none_2d0f50fcbdb171b8\COMCTL32.dll
0x00007ffc32050000 - 0x00007ffc32317000 	C:\WINDOWS\System32\combase.dll
0x00007ffc2f260000 - 0x00007ffc2f355000 	C:\WINDOWS\System32\ucrtbase.dll
0x00007ffc2ec00000 - 0x00007ffc2ec6a000 	C:\WINDOWS\System32\bcryptPrimitives.dll
0x00007ffc31e30000 - 0x00007ffc31e5e000 	C:\WINDOWS\System32\IMM32.DLL
0x000000005c3b0000 - 0x000000005c482000 	C:\Program Files\Java\jdk1.8.0_101\jre\bin\msvcr100.dll
0x000000005c490000 - 0x000000005cd2a000 	C:\Program Files\Java\jdk1.8.0_101\jre\bin\server\jvm.dll
0x00007ffc318b0000 - 0x00007ffc318b8000 	C:\WINDOWS\System32\PSAPI.DLL
0x00007ffc17ac0000 - 0x00007ffc17ac9000 	C:\WINDOWS\SYSTEM32\WSOCK32.dll
0x00007ffc2cbc0000 - 0x00007ffc2cbe3000 	C:\WINDOWS\SYSTEM32\WINMM.dll
0x00007ffc2a4c0000 - 0x00007ffc2a4ca000 	C:\WINDOWS\SYSTEM32\VERSION.dll
0x00007ffc31fd0000 - 0x00007ffc3203a000 	C:\WINDOWS\System32\WS2_32.dll
0x00000000026d0000 - 0x00000000026fb000 	C:\WINDOWS\SYSTEM32\WINMMBASE.dll
0x00007ffc2ec70000 - 0x00007ffc2ecb2000 	C:\WINDOWS\System32\cfgmgr32.dll
0x000000005c360000 - 0x000000005c36f000 	C:\Program Files\Java\jdk1.8.0_101\jre\bin\verify.dll
0x000000005c330000 - 0x000000005c359000 	C:\Program Files\Java\jdk1.8.0_101\jre\bin\java.dll
0x000000005c310000 - 0x000000005c326000 	C:\Program Files\Java\jdk1.8.0_101\jre\bin\zip.dll

VM Arguments:
java_command: C:\Users\Dagi\Desktop\instagrim 19.10.2016\target\surefire\surefirebooter7350628923767166453.jar C:\Users\Dagi\Desktop\instagrim 19.10.2016\target\surefire\surefire7516963916025263300tmp C:\Users\Dagi\Desktop\instagrim 19.10.2016\target\surefire\surefire7373845224734282780tmp
java_class_path (initial): C:\Users\Dagi\Desktop\instagrim 19.10.2016\target\surefire\surefirebooter7350628923767166453.jar
Launcher Type: SUN_STANDARD

Environment Variables:
JAVA_HOME=C:\Program Files\Java\jdk1.8.0_101
PATH=C:\ProgramData\Oracle\Java\javapath;C:\Program Files (x86)\Intel\iCLS Client\;C:\Program Files\Intel\iCLS Client\;C:\WINDOWS\system32;C:\WINDOWS;C:\WINDOWS\System32\Wbem;C:\WINDOWS\System32\WindowsPowerShell\v1.0\;C:\Program Files\Intel\Intel(R) Management Engine Components\DAL;C:\Program Files (x86)\Intel\Intel(R) Management Engine Components\DAL;C:\Program Files\Intel\Intel(R) Management Engine Components\IPT;C:\Program Files (x86)\Intel\Intel(R) Management Engine Components\IPT;C:\Program Files (x86)\Skype\Phone\;C:\Users\Dagi\AppData\Local\Programs\Python\Python35-32\Scripts\;C:\Users\Dagi\AppData\Local\Programs\Python\Python35-32\;%USERPROFILE%\AppData\Local\Microsoft\WindowsApps;
USERNAME=Dagi
OS=Windows_NT
PROCESSOR_IDENTIFIER=Intel64 Family 6 Model 70 Stepping 1, GenuineIntel



---------------  S Y S T E M  ---------------

OS: Windows 10.0 , 64 bit Build 14393 (10.0.14393.0)

CPU:total 8 (4 cores per cpu, 2 threads per core) family 6 model 70 stepping 1, cmov, cx8, fxsr, mmx, sse, sse2, sse3, ssse3, sse4.1, sse4.2, popcnt, avx, avx2, aes, clmul, erms, lzcnt, ht, tsc, tscinvbit, bmi1, bmi2

Memory: 4k page, physical 16683260k(9466444k free), swap 16683260k(5704k free)

vm_info: Java HotSpot(TM) 64-Bit Server VM (25.101-b13) for windows-amd64 JRE (1.8.0_101-b13), built on Jun 22 2016 01:21:29 by "java_re" with MS VC++ 10.0 (VS2010)

time: Wed Oct 19 19:39:49 2016
elapsed time: 0 seconds (0d 0h 0m 0s)

